2025-03-01 00:23:14,258 - INFO - Módulos de trading inicializados correctamente
2025-03-01 00:23:23,450 - ERROR - Error al cargar archivo de ayuda interface_help.txt: [Errno 2] No such file or directory: 'interface_help.txt'
2025-03-01 00:23:23,450 - ERROR - Error al cargar archivo de ayuda controls_help.txt: [Errno 2] No such file or directory: 'controls_help.txt'
2025-03-01 00:23:23,464 - ERROR - Error al cargar archivo de ayuda charts_help.txt: [Errno 2] No such file or directory: 'charts_help.txt'
2025-03-01 00:23:23,464 - ERROR - Error al cargar archivo de ayuda trading_help.txt: [Errno 2] No such file or directory: 'trading_help.txt'
2025-03-01 00:27:24,146 - INFO - Módulos de trading inicializados correctamente
2025-03-01 00:27:30,874 - INFO - Archivo de ayuda cargado desde: c:\Users\javlo\Documents\NT8 RL\doc\interface_help.txt
2025-03-01 00:27:30,874 - INFO - Archivo de ayuda cargado desde: c:\Users\javlo\Documents\NT8 RL\doc\controls_help.txt
2025-03-01 00:27:30,874 - INFO - Archivo de ayuda cargado desde: c:\Users\javlo\Documents\NT8 RL\doc\charts_help.txt
2025-03-01 00:27:30,874 - INFO - Archivo de ayuda cargado desde: c:\Users\javlo\Documents\NT8 RL\doc\trading_help.txt
2025-03-01 00:27:49,694 - INFO - Archivo de ayuda cargado desde: c:\Users\javlo\Documents\NT8 RL\doc\interface_help.txt
2025-03-01 00:27:49,694 - INFO - Archivo de ayuda cargado desde: c:\Users\javlo\Documents\NT8 RL\doc\controls_help.txt
2025-03-01 00:27:49,694 - INFO - Archivo de ayuda cargado desde: c:\Users\javlo\Documents\NT8 RL\doc\charts_help.txt
2025-03-01 00:27:49,710 - INFO - Archivo de ayuda cargado desde: c:\Users\javlo\Documents\NT8 RL\doc\trading_help.txt
2025-03-01 00:35:03,389 - INFO - Selected CSV file: DAT_NT_XAGUSD_M1_2024.csv
2025-03-01 00:35:10,961 - INFO - Iniciando proceso en modo: train
2025-03-01 00:35:10,961 - INFO - Iniciando entrenamiento...
2025-03-01 00:35:11,167 - ERROR - Error en entrenamiento: 'close'
2025-03-01 00:35:20,372 - INFO - Iniciando proceso en modo: backtest
2025-03-01 00:35:41,850 - INFO - Selected CSV file: DAT_NT_XAGUSD_M1_2024.csv
2025-03-01 00:35:43,920 - INFO - Iniciando proceso en modo: train
2025-03-01 00:35:43,921 - INFO - Iniciando entrenamiento...
2025-03-01 00:35:44,111 - ERROR - Error en entrenamiento: 'close'
2025-03-01 02:49:01,704 - INFO - Módulos de trading inicializados correctamente
2025-03-01 02:56:57,010 - INFO - Módulos de trading inicializados correctamente
2025-03-01 03:07:02,419 - INFO - Módulos de trading inicializados correctamente
2025-03-01 03:10:36,109 - INFO - Módulos de trading inicializados correctamente
2025-03-01 03:21:50,403 - INFO - NinjaTrader interface initialized (IP: 127.0.0.1, Data Port: 5000, Order Port: 5001)
2025-03-01 03:21:54,930 - ERROR - Error en conexión: 'NinjaTraderInterface' object has no attribute 'connect'
2025-03-01 03:22:43,670 - INFO - NinjaTrader interface initialized (IP: 127.0.0.1, Data Port: 5000, Order Port: 5001)
2025-03-01 03:22:49,470 - ERROR - Error en conexión: 'NinjaTraderInterface' object has no attribute 'connect'
2025-03-01 03:49:03,706 - INFO - Módulos de trading inicializados correctamente
2025-03-01 03:52:11,436 - INFO - Módulos de trading inicializados correctamente
2025-03-01 03:52:18,589 - INFO - Conectando a NinjaTrader en 127.0.0.1:5000...
2025-03-01 03:52:18,590 - INFO - NinjaTrader interface initialized (IP: 127.0.0.1, Data Port: 5000, Order Port: 5001)
2025-03-01 03:52:18,591 - INFO - Data receiver listening on 127.0.0.1:5000
2025-03-01 03:52:18,591 - INFO - NinjaTrader interface started
2025-03-01 03:52:18,592 - INFO - Conexión exitosa con NinjaTrader en 127.0.0.1:5000
2025-03-01 03:52:52,758 - INFO - Data connection established from ('127.0.0.1', 54164)
2025-03-01 03:52:54,134 - INFO - Order sender connected to 127.0.0.1:5001
2025-03-01 03:52:54,135 - INFO - Command sent: EXTRACT_HISTORICAL_DATA
2025-03-01 03:52:54,135 - INFO - Historical data extraction request sent
2025-03-01 03:52:54,145 - INFO - Starting historical data extraction: 20000 bars
2025-03-01 03:52:54,147 - INFO - Historical data extraction progress: 0.5% (100/20000)
2025-03-01 03:53:42,122 - INFO - Data connection closed
2025-03-01 03:53:51,723 - INFO - Data connection established from ('127.0.0.1', 54174)
2025-03-01 03:54:39,411 - INFO - Command sent: EXTRACT_HISTORICAL_DATA
2025-03-01 03:54:39,412 - INFO - Historical data extraction request sent
2025-03-01 03:55:31,351 - INFO - Módulos de trading inicializados correctamente
2025-03-01 03:55:51,585 - INFO - Conectando a NinjaTrader en 127.0.0.1:5000...
2025-03-01 03:55:51,587 - INFO - NinjaTrader interface initialized (IP: 127.0.0.1, Data Port: 5000, Order Port: 5001)
2025-03-01 03:55:51,588 - INFO - Data receiver listening on 127.0.0.1:5000
2025-03-01 03:55:51,588 - INFO - NinjaTrader interface started
2025-03-01 03:55:51,589 - INFO - Conexión exitosa con NinjaTrader en 127.0.0.1:5000
2025-03-01 03:56:06,160 - INFO - Order sender connected to 127.0.0.1:5001
2025-03-01 03:56:06,161 - INFO - Command sent: EXTRACT_HISTORICAL_DATA
2025-03-01 03:56:06,161 - INFO - Historical data extraction request sent
2025-03-01 03:56:06,245 - INFO - Data connection established from ('127.0.0.1', 54194)
2025-03-01 03:56:06,272 - INFO - Starting historical data extraction: 29445 bars
2025-03-01 03:56:06,273 - INFO - Historical data extraction progress: 0.3% (100/29445)
2025-03-01 03:56:06,837 - INFO - Historical data extraction progress: 0.7% (200/29445)
2025-03-01 03:57:07,106 - INFO - Historical data extraction progress: 1.0% (300/29445)
2025-03-01 03:58:07,487 - INFO - Historical data extraction progress: 1.4% (400/29445)
2025-03-01 03:59:07,792 - INFO - Historical data extraction progress: 1.7% (500/29445)
2025-03-01 04:00:08,052 - INFO - Historical data extraction progress: 2.0% (600/29445)
2025-03-01 04:02:33,921 - INFO - Módulos de trading inicializados correctamente
2025-03-01 04:02:39,178 - INFO - Conectando a NinjaTrader en 127.0.0.1:5000...
2025-03-01 04:02:39,181 - INFO - NinjaTrader interface initialized (IP: 127.0.0.1, Data Port: 5000, Order Port: 5001)
2025-03-01 04:02:39,182 - INFO - Data receiver listening on 127.0.0.1:5000
2025-03-01 04:02:39,182 - INFO - NinjaTrader interface started
2025-03-01 04:02:39,182 - INFO - Conexión exitosa con NinjaTrader en 127.0.0.1:5000
2025-03-01 04:02:43,184 - INFO - Order sender connected to 127.0.0.1:5001
2025-03-01 04:02:43,185 - INFO - Command sent: EXTRACT_HISTORICAL_DATA
2025-03-01 04:02:43,186 - INFO - Historical data extraction request sent
2025-03-01 04:02:43,206 - INFO - Data connection established from ('127.0.0.1', 54261)
2025-03-01 04:02:43,235 - INFO - Starting historical data extraction: 29452 bars
2025-03-01 04:02:43,236 - INFO - Historical data extraction progress: 0.3% (100/29452)
2025-03-01 04:03:09,914 - INFO - Historical data extraction progress: 0.7% (200/29452)
2025-03-01 04:04:10,274 - INFO - Historical data extraction progress: 1.0% (300/29452)
2025-03-01 04:05:10,647 - INFO - Historical data extraction progress: 1.4% (400/29452)
2025-03-01 04:06:10,970 - INFO - Historical data extraction progress: 1.7% (500/29452)
2025-03-01 04:07:11,244 - INFO - Historical data extraction progress: 2.0% (600/29452)
2025-03-01 04:08:11,509 - INFO - Historical data extraction progress: 2.4% (700/29452)
2025-03-01 04:09:10,870 - INFO - Historical data extraction progress: 2.7% (800/29452)
2025-03-01 04:10:12,202 - INFO - Historical data extraction progress: 3.1% (900/29452)
2025-03-01 04:11:12,497 - INFO - Historical data extraction progress: 3.4% (1000/29452)
2025-03-01 04:13:39,927 - INFO - Módulos de trading inicializados correctamente
2025-03-01 04:13:45,742 - INFO - Conectando a NinjaTrader en 127.0.0.1:5000...
2025-03-01 04:13:45,744 - INFO - NinjaTrader interface initialized (IP: 127.0.0.1, Data Port: 5000, Order Port: 5001)
2025-03-01 04:13:45,745 - INFO - Data receiver listening on 127.0.0.1:5000
2025-03-01 04:13:45,746 - INFO - NinjaTrader interface started
2025-03-01 04:13:45,746 - INFO - Conexión exitosa con NinjaTrader en 127.0.0.1:5000
2025-03-01 04:13:53,599 - INFO - Order sender connected to 127.0.0.1:5001
2025-03-01 04:13:53,599 - INFO - Command sent: EXTRACT_HISTORICAL_DATA
2025-03-01 04:13:53,600 - INFO - Historical data extraction request sent
2025-03-01 04:13:53,702 - INFO - Data connection established from ('127.0.0.1', 54386)
2025-03-01 04:13:53,731 - INFO - Starting historical data extraction: 30000 bars
2025-03-01 04:13:53,732 - INFO - Historical data extraction progress: 3.3% (1000/30000)
2025-03-01 04:14:14,688 - INFO - Historical data extraction progress: 6.7% (2000/30000)
2025-03-01 04:15:15,211 - INFO - Historical data extraction progress: 10.0% (3000/30000)
2025-03-01 04:16:15,374 - INFO - Historical data extraction progress: 13.3% (4000/30000)
2025-03-01 04:17:15,667 - INFO - Historical data extraction progress: 16.7% (5000/30000)
2025-03-01 04:18:15,937 - INFO - Historical data extraction progress: 20.0% (6000/30000)
2025-03-01 04:19:16,263 - INFO - Historical data extraction progress: 23.3% (7000/30000)
2025-03-01 04:20:16,578 - INFO - Historical data extraction progress: 26.7% (8000/30000)
2025-03-01 04:21:15,943 - INFO - Historical data extraction progress: 30.0% (9000/30000)
2025-03-01 04:22:17,353 - INFO - Historical data extraction progress: 33.3% (10000/30000)
2025-03-01 04:23:17,738 - INFO - Historical data extraction progress: 36.7% (11000/30000)
2025-03-01 04:24:18,078 - INFO - Historical data extraction progress: 40.0% (12000/30000)
2025-03-01 04:25:18,406 - INFO - Historical data extraction progress: 43.3% (13000/30000)
2025-03-01 04:26:18,771 - INFO - Historical data extraction progress: 46.7% (14000/30000)
2025-03-01 04:27:19,045 - INFO - Historical data extraction progress: 50.0% (15000/30000)
2025-03-01 04:28:18,429 - INFO - Historical data extraction progress: 53.3% (16000/30000)
2025-03-01 04:29:19,805 - INFO - Historical data extraction progress: 56.7% (17000/30000)
2025-03-01 04:30:20,335 - INFO - Historical data extraction progress: 60.0% (18000/30000)
2025-03-01 04:31:20,666 - INFO - Historical data extraction progress: 63.3% (19000/30000)
2025-03-01 04:32:22,301 - INFO - Historical data extraction progress: 66.7% (20000/30000)
2025-03-01 04:33:22,289 - INFO - Historical data extraction progress: 70.0% (21000/30000)
2025-03-01 04:34:22,606 - INFO - Historical data extraction progress: 73.3% (22000/30000)
2025-03-01 04:35:22,869 - INFO - Historical data extraction progress: 76.7% (23000/30000)
2025-03-01 04:36:23,180 - INFO - Historical data extraction progress: 80.0% (24000/30000)
2025-03-01 04:37:23,622 - INFO - Historical data extraction progress: 83.3% (25000/30000)
2025-03-01 04:38:23,885 - INFO - Historical data extraction progress: 86.7% (26000/30000)
2025-03-01 04:39:24,213 - INFO - Historical data extraction progress: 90.0% (27000/30000)
2025-03-01 04:40:24,421 - INFO - Historical data extraction progress: 93.3% (28000/30000)
2025-03-01 04:41:24,853 - INFO - Historical data extraction progress: 96.7% (29000/30000)
2025-03-01 04:42:24,540 - INFO - Historical data extraction progress: 100.0% (30000/30000)
2025-03-01 04:43:23,234 - INFO - Historical data extraction completed
2025-03-01 04:43:23,367 - INFO - Market data saved to data/extracted_data_20250301_044323.csv
2025-03-01 04:43:23,373 - INFO - Datos históricos extraídos correctamente: data/extracted_data_20250301_044323.csv
2025-03-01 04:44:27,106 - INFO - Iniciando proceso en modo: train
2025-03-01 04:44:27,108 - INFO - Iniciando entrenamiento...
2025-03-01 04:44:27,109 - INFO - Usando datos extraídos: data\extracted_data_20250301_044323.csv
2025-03-01 04:44:27,157 - INFO - Prepared data with 22800 training bars and 5700 testing bars
2025-03-01 04:44:27,158 - INFO - Datos cargados: 22800 registros de entrenamiento, 5700 de prueba
2025-03-01 04:44:27,158 - INFO - Starting training with algorithm: PPO
2025-03-01 04:44:27,158 - INFO - Training parameters: {'algo': 'PPO', 'policy': 'MlpPolicy', 'learning_rate': 0.0003, 'batch_size': 64, 'n_steps': 2048, 'total_timesteps': 500000, 'device': 'auto'}
2025-03-01 04:44:27,158 - INFO - Environment parameters: {'initial_balance': 100000.0, 'commission': 0.0001, 'slippage': 0.0001, 'window_size': 10, 'reward_scaling': 0.01, 'position_size': 0.1, 'stop_loss_pct': 0.02, 'take_profit_pct': 0.04}
2025-03-01 04:44:27,893 - INFO - Using device: cuda
2025-03-01 04:44:49,734 - INFO - Training step: 5000
2025-03-01 04:44:49,734 - INFO - Mean reward: nan, Mean episode length: nan
2025-03-01 04:45:05,019 - INFO - Training step: 10000
2025-03-01 04:45:05,020 - INFO - Mean reward: nan, Mean episode length: nan
2025-03-01 04:45:22,579 - INFO - Eval num_timesteps=10000, episode_reward=-0.57
2025-03-01 04:45:22,616 - INFO - New best model saved with reward: -0.57
2025-03-01 11:03:18,924 - INFO - Módulos de trading inicializados correctamente
2025-03-01 11:45:29,680 - INFO - Módulos de trading inicializados correctamente
